  [4;36;1mSQL (0.3ms)[0m   [0;1mSET client_min_messages TO 'panic'[0m
  [4;35;1mSQL (0.4ms)[0m   [0mSET standard_conforming_strings = on[0m
  [4;36;1mSQL (0.4ms)[0m   [0;1mSET client_min_messages TO 'notice'[0m
  [4;35;1mSQL (16.2ms)[0m   [0mCREATE TABLE "schema_migrations" ("version" character varying(255) NOT NULL) [0m
  [4;36;1mSQL (54.9ms)[0m   [0;1mCREATE UNIQUE INDEX "unique_schema_migrations" ON "schema_migrations" ("version")[0m
  [4;35;1mSQL (0.5ms)[0m   [0mSELECT version FROM schema_migrations[0m
Migrating to CreateVacancies (20120320052918)
  [4;36;1mSQL (0.3ms)[0m   [0;1mBEGIN[0m
  [4;35;1mSQL (61.1ms)[0m   [0mCREATE TABLE "vacancies" ("id" serial primary key, "name" text, "lifetime" integer, "salary" integer, "contacts" character varying(255), "skill_id" integer, "created_at" timestamp, "updated_at" timestamp) [0m
  [4;36;1mSQL (0.8ms)[0m   [0;1mINSERT INTO schema_migrations (version) VALUES ('20120320052918')[0m
  [4;35;1mSQL (8.7ms)[0m   [0mCOMMIT[0m
Migrating to CreateWorkers (20120320053512)
  [4;36;1mSQL (1.7ms)[0m   [0;1mBEGIN[0m
  [4;35;1mSQL (87.7ms)[0m   [0mCREATE TABLE "workers" ("id" serial primary key, "name" text, "salary" integer, "contacts" character varying(255), "status_id" integer, "skill_id" integer, "created_at" timestamp, "updated_at" timestamp) [0m
  [4;36;1mSQL (1.4ms)[0m   [0;1mINSERT INTO schema_migrations (version) VALUES ('20120320053512')[0m
  [4;35;1mSQL (17.1ms)[0m   [0mCOMMIT[0m
Migrating to CreateSkills (20120320054740)
  [4;36;1mSQL (0.8ms)[0m   [0;1mBEGIN[0m
  [4;35;1mSQL (45.9ms)[0m   [0mCREATE TABLE "skills" ("id" serial primary key, "created_at" timestamp, "updated_at" timestamp) [0m
  [4;36;1mSQL (0.4ms)[0m   [0;1mINSERT INTO schema_migrations (version) VALUES ('20120320054740')[0m
  [4;35;1mSQL (14.0ms)[0m   [0mCOMMIT[0m
Migrating to CreateVacanciesSkillsTable (20120320080826)
  [4;36;1mSQL (1.0ms)[0m   [0;1mBEGIN[0m
  [4;35;1mSQL (1.3ms)[0m   [0mCREATE TABLE "skills_vacancies" ("vacancy_id" integer, "skill_id" integer) [0m
  [4;36;1mSQL (32.4ms)[0m   [0;1mCREATE INDEX "index_skills_vacancies_on_vacancy_id" ON "skills_vacancies" ("vacancy_id")[0m
  [4;35;1mSQL (29.1ms)[0m   [0mCREATE INDEX "index_skills_vacancies_on_skill_id" ON "skills_vacancies" ("skill_id")[0m
  [4;36;1mSQL (0.4ms)[0m   [0;1mINSERT INTO schema_migrations (version) VALUES ('20120320080826')[0m
  [4;35;1mSQL (10.8ms)[0m   [0mCOMMIT[0m
  [4;36;1mSQL (0.5ms)[0m   [0;1mSELECT version FROM schema_migrations[0m
  [4;36;1mSQL (0.2ms)[0m   [0;1mSET client_min_messages TO 'panic'[0m
  [4;35;1mSQL (0.9ms)[0m   [0mSET standard_conforming_strings = on[0m
  [4;36;1mSQL (0.7ms)[0m   [0;1mSET client_min_messages TO 'notice'[0m
  [4;35;1mSQL (0.6ms)[0m   [0mSELECT version FROM schema_migrations[0m
Migrating to CreateVacancies (20120320052918)
Migrating to CreateWorkers (20120320053512)
Migrating to CreateSkills (20120320054740)
Migrating to CreateVacanciesSkillsTable (20120320080826)
Migrating to AddNameToSkill (20120320093142)
  [4;36;1mSQL (0.6ms)[0m   [0;1mBEGIN[0m
  [4;35;1mSQL (0.6ms)[0m   [0mINSERT INTO schema_migrations (version) VALUES ('20120320093142')[0m
  [4;36;1mSQL (10.4ms)[0m   [0;1mCOMMIT[0m
  [4;35;1mSQL (1.4ms)[0m   [0mSELECT version FROM schema_migrations[0m
  [4;36;1mSQL (0.3ms)[0m   [0;1mSET client_min_messages TO 'panic'[0m
  [4;35;1mSQL (0.7ms)[0m   [0mSET standard_conforming_strings = on[0m
  [4;36;1mSQL (0.6ms)[0m   [0;1mSET client_min_messages TO 'notice'[0m
  [4;35;1mSQL (0.7ms)[0m   [0mSELECT version FROM schema_migrations[0m
Migrating to CreateVacancies (20120320052918)
Migrating to CreateWorkers (20120320053512)
Migrating to CreateSkills (20120320054740)
Migrating to CreateVacanciesSkillsTable (20120320080826)
Migrating to AddNameToSkill (20120320093142)
Migrating to AddNameToSkills (20120320093246)
  [4;36;1mSQL (0.6ms)[0m   [0;1mBEGIN[0m
  [4;35;1mSQL (0.6ms)[0m   [0mINSERT INTO schema_migrations (version) VALUES ('20120320093246')[0m
  [4;36;1mSQL (17.8ms)[0m   [0;1mCOMMIT[0m
  [4;35;1mSQL (0.8ms)[0m   [0mSELECT version FROM schema_migrations[0m
  [4;36;1mSQL (0.2ms)[0m   [0;1mSET client_min_messages TO 'panic'[0m
  [4;35;1mSQL (0.7ms)[0m   [0mSET standard_conforming_strings = on[0m
  [4;36;1mSQL (0.7ms)[0m   [0;1mSET client_min_messages TO 'notice'[0m
  [4;35;1mSQL (0.7ms)[0m   [0mSELECT version FROM schema_migrations[0m
Migrating to CreateVacancies (20120320052918)
Migrating to CreateWorkers (20120320053512)
Migrating to CreateSkills (20120320054740)
Migrating to CreateVacanciesSkillsTable (20120320080826)
Migrating to AddNameToSkill (20120320093142)
Migrating to AddNameToSkills (20120320093246)
  [4;36;1mSQL (0.4ms)[0m   [0;1mSELECT version FROM schema_migrations[0m
  [4;36;1mSQL (0.3ms)[0m   [0;1mSET client_min_messages TO 'panic'[0m
  [4;35;1mSQL (0.4ms)[0m   [0mSET standard_conforming_strings = on[0m
  [4;36;1mSQL (0.4ms)[0m   [0;1mSET client_min_messages TO 'notice'[0m
  [4;35;1mSQL (0.8ms)[0m   [0mSELECT version FROM schema_migrations[0m
  [4;36;1mSQL (0.5ms)[0m   [0;1mSELECT version FROM schema_migrations[0m
Migrating to AddNameToSkills (20120320093246)
  [4;35;1mSQL (0.3ms)[0m   [0mBEGIN[0m
  [4;36;1mSQL (1.4ms)[0m   [0;1mDELETE FROM schema_migrations WHERE version = '20120320093246'[0m
  [4;35;1mSQL (15.2ms)[0m   [0mCOMMIT[0m
  [4;36;1mSQL (0.9ms)[0m   [0;1mSELECT version FROM schema_migrations[0m
  [4;36;1mSQL (0.3ms)[0m   [0;1mSET client_min_messages TO 'panic'[0m
  [4;35;1mSQL (0.7ms)[0m   [0mSET standard_conforming_strings = on[0m
  [4;36;1mSQL (0.6ms)[0m   [0;1mSET client_min_messages TO 'notice'[0m
  [4;35;1mSQL (0.8ms)[0m   [0mSELECT version FROM schema_migrations[0m
  [4;36;1mSQL (0.3ms)[0m   [0;1mSELECT version FROM schema_migrations[0m
  [4;36;1mSQL (0.3ms)[0m   [0;1mSET client_min_messages TO 'panic'[0m
  [4;35;1mSQL (0.7ms)[0m   [0mSET standard_conforming_strings = on[0m
  [4;36;1mSQL (1.2ms)[0m   [0;1mSET client_min_messages TO 'notice'[0m
  [4;35;1mSQL (0.8ms)[0m   [0mSELECT version FROM schema_migrations[0m
Migrating to CreateVacancies (20120320052918)
Migrating to CreateWorkers (20120320053512)
Migrating to CreateSkills (20120320054740)
Migrating to CreateVacanciesSkillsTable (20120320080826)
Migrating to AddNameToSkills (20120320093920)
  [4;36;1mSQL (0.7ms)[0m   [0;1mBEGIN[0m
  [4;35;1mSQL (1.7ms)[0m   [0mALTER TABLE "skills" ADD COLUMN "name" character varying(255)[0m
  [4;36;1mSQL (0.5ms)[0m   [0;1mINSERT INTO schema_migrations (version) VALUES ('20120320093920')[0m
  [4;35;1mSQL (16.5ms)[0m   [0mCOMMIT[0m
  [4;36;1mSQL (0.8ms)[0m   [0;1mSELECT version FROM schema_migrations[0m


Started GET "/" for 127.0.0.1 at Tue Mar 20 14:45:59 +0400 2012

ActionController::RoutingError (No route matches [GET] "/"):
  

Rendered /usr/lib/ruby/gems/1.8/gems/actionpack-3.1.0/lib/action_dispatch/middleware/templates/rescues/routing_error.erb within rescues/layout (3.4ms)


Started GET "/" for 127.0.0.1 at Tue Mar 20 14:48:18 +0400 2012
  Processing by MainController#index as HTML
Rendered main/index.html.erb within layouts/application (0.4ms)
Compiled application.css  (3ms)  (pid 16616)
Compiled main.css  (15ms)  (pid 16616)
Compiled application.js  (7ms)  (pid 16616)
Compiled jquery.js  (6ms)  (pid 16616)
Compiled jquery_ujs.js  (1ms)  (pid 16616)
Compiled main.js  (161ms)  (pid 16616)
Completed 200 OK in 310ms (Views: 309.5ms | ActiveRecord: 0.0ms)


Started GET "/assets/application.css?body=1" for 127.0.0.1 at Tue Mar 20 14:48:18 +0400 2012
Served asset /application.css - 200 OK (16ms)


Started GET "/assets/main.css?body=1" for 127.0.0.1 at Tue Mar 20 14:48:21 +0400 2012
Served asset /main.css - 200 OK (13ms)


Started GET "/assets/jquery.js?body=1" for 127.0.0.1 at Tue Mar 20 14:48:23 +0400 2012
Served asset /jquery.js - 200 OK (47ms)


Started GET "/assets/jquery_ujs.js?body=1" for 127.0.0.1 at Tue Mar 20 14:48:25 +0400 2012
Served asset /jquery_ujs.js - 200 OK (12ms)


Started GET "/assets/main.js?body=1" for 127.0.0.1 at Tue Mar 20 14:48:27 +0400 2012
Served asset /main.js - 200 OK (14ms)


Started GET "/assets/application.js?body=1" for 127.0.0.1 at Tue Mar 20 14:48:29 +0400 2012
Served asset /application.js - 200 OK (11ms)


Started GET "/" for 127.0.0.1 at Tue Mar 20 14:51:26 +0400 2012
  Processing by MainController#index as HTML
Rendered main/index.html.erb within layouts/application (3.2ms)
Completed 200 OK in 28ms (Views: 27.6ms | ActiveRecord: 0.0ms)


Started GET "/assets/main.css?body=1" for 127.0.0.1 at Tue Mar 20 14:51:26 +0400 2012


Started GET "/assets/jquery.js?body=1" for 127.0.0.1 at Tue Mar 20 14:51:26 +0400 2012
Served asset /main.css - 304 Not Modified (2ms)
Served asset /jquery.js - 304 Not Modified (3ms)


Started GET "/assets/jquery_ujs.js?body=1" for 127.0.0.1 at Tue Mar 20 14:51:26 +0400 2012


Started GET "/assets/main.js?body=1" for 127.0.0.1 at Tue Mar 20 14:51:26 +0400 2012
Served asset /main.js - 304 Not Modified (2ms)


Started GET "/assets/application.css?body=1" for 127.0.0.1 at Tue Mar 20 14:51:26 +0400 2012
Served asset /application.css - 304 Not Modified (0ms)
Served asset /jquery_ujs.js - 304 Not Modified (6ms)


Started GET "/assets/application.js?body=1" for 127.0.0.1 at Tue Mar 20 14:51:26 +0400 2012
Served asset /application.js - 304 Not Modified (6ms)


Started GET "/vacancies" for 127.0.0.1 at Tue Mar 20 14:51:32 +0400 2012

ActionController::RoutingError (No route matches [GET] "/vacancies"):
  

Rendered /usr/lib/ruby/gems/1.8/gems/actionpack-3.1.0/lib/action_dispatch/middleware/templates/rescues/routing_error.erb within rescues/layout (3.7ms)


Started GET "/vacancies" for 127.0.0.1 at Tue Mar 20 14:52:17 +0400 2012
  Processing by VacanciesController#index as HTML
  [1m[36mVacancy Load (3.6ms)[0m  [1mSELECT "vacancies".* FROM "vacancies" [0m
Rendered vacancies/index.html.erb within layouts/application (20.3ms)
Completed 500 Internal Server Error in 37ms

ActionView::Template::Error (Missing partial layouts/menu/vacancies with {:locale=>[:en, :en], :formats=>[:html], :handlers=>[:erb, :builder, :coffee]}. Searched in:
  * "/home/alex/web/rubyjob/app/views"
):
    1: <% content_for('application_title') do %>
    2: <% end%>
    3: 
    4: <% render :partial => 'layouts/menu/vacancies' %>
    5: 
    6: <% content_for('page_header') do %>
    7:   <%=l(:label_vacancies_list)%>:
  app/views/vacancies/index.html.erb:4:in `_app_views_vacancies_index_html_erb__39112602__621982858'
  app/controllers/vacancies_controller.rb:8:in `index'

Rendered /usr/lib/ruby/gems/1.8/gems/actionpack-3.1.0/lib/action_dispatch/middleware/templates/rescues/_trace.erb (1.6ms)
Rendered /usr/lib/ruby/gems/1.8/gems/actionpack-3.1.0/lib/action_dispatch/middleware/templates/rescues/_request_and_response.erb (1.2ms)
Rendered /usr/lib/ruby/gems/1.8/gems/actionpack-3.1.0/lib/action_dispatch/middleware/templates/rescues/template_error.erb within rescues/layout (7.8ms)


Started GET "/vacancies" for 127.0.0.1 at Tue Mar 20 14:54:06 +0400 2012
  Processing by VacanciesController#index as HTML
  [1m[35mVacancy Load (0.4ms)[0m  SELECT "vacancies".* FROM "vacancies" 
Rendered vacancies/index.html.erb within layouts/application (1.6ms)
Completed 500 Internal Server Error in 15ms

ActionView::Template::Error (Missing partial layouts/menu/vacancies with {:locale=>[:en, :en], :formats=>[:html], :handlers=>[:erb, :builder, :coffee]}. Searched in:
  * "/home/alex/web/rubyjob/app/views"
):
    1: <% content_for('application_title') do %>
    2: <% end%>
    3: 
    4: <% render :partial => 'layouts/menu/vacancies' %>
    5: 
    6: <% content_for('page_header') do %>
    7:   <%=l(:label_vacancies_list)%>:
  app/views/vacancies/index.html.erb:4:in `_app_views_vacancies_index_html_erb__39112602__621982858'
  app/controllers/vacancies_controller.rb:8:in `index'

Rendered /usr/lib/ruby/gems/1.8/gems/actionpack-3.1.0/lib/action_dispatch/middleware/templates/rescues/_trace.erb (1.8ms)
Rendered /usr/lib/ruby/gems/1.8/gems/actionpack-3.1.0/lib/action_dispatch/middleware/templates/rescues/_request_and_response.erb (0.9ms)
Rendered /usr/lib/ruby/gems/1.8/gems/actionpack-3.1.0/lib/action_dispatch/middleware/templates/rescues/template_error.erb within rescues/layout (5.8ms)


Started GET "/vacancies" for 127.0.0.1 at Tue Mar 20 14:54:51 +0400 2012
  Processing by VacanciesController#index as HTML
  [1m[36mVacancy Load (0.5ms)[0m  [1mSELECT "vacancies".* FROM "vacancies" [0m
Rendered layouts/menu/_vacancies.html.erb (0.4ms)
Rendered vacancies/index.html.erb within layouts/application (2.7ms)
Completed 500 Internal Server Error in 16ms

ActionView::Template::Error (Object must be a Date, DateTime or Time object. :label_vacancies_list given.):
    4: <% render :partial => 'layouts/menu/vacancies' %>
    5: 
    6: <% content_for('page_header') do %>
    7:   <%=l(:label_vacancies_list)%>:
    8: <%end%>
    9: 
    10: <% content_for('page_content') do -%>
  app/views/vacancies/index.html.erb:7:in `_app_views_vacancies_index_html_erb__39112602__621982858'
  app/views/vacancies/index.html.erb:6:in `_app_views_vacancies_index_html_erb__39112602__621982858'
  app/controllers/vacancies_controller.rb:8:in `index'

Rendered /usr/lib/ruby/gems/1.8/gems/actionpack-3.1.0/lib/action_dispatch/middleware/templates/rescues/_trace.erb (2.0ms)
Rendered /usr/lib/ruby/gems/1.8/gems/actionpack-3.1.0/lib/action_dispatch/middleware/templates/rescues/_request_and_response.erb (1.1ms)
Rendered /usr/lib/ruby/gems/1.8/gems/actionpack-3.1.0/lib/action_dispatch/middleware/templates/rescues/template_error.erb within rescues/layout (6.2ms)


Started GET "/vacancies" for 127.0.0.1 at Tue Mar 20 14:56:24 +0400 2012
  Processing by VacanciesController#index as HTML
  [1m[35mVacancy Load (0.5ms)[0m  SELECT "vacancies".* FROM "vacancies" 
Rendered layouts/menu/_vacancies.html.erb (0.1ms)
Rendered vacancies/index.html.erb within layouts/application (3.2ms)
Completed 500 Internal Server Error in 18ms

ActionView::Template::Error (Object must be a Date, DateTime or Time object. :label_name given.):
    12:   <div class="margin_page">
    13:   	<table cellpadding="0" width="100%" class="tbl">
    14:   		<tr>
    15:   			<th><%=l(:label_name)%></th>	
    16:   		</tr>		
    17: 	  	<% if @vacancy.size>0 %>
    18: 		    <% @vacancy.each do |vacancy|%>
  app/views/vacancies/index.html.erb:15:in `_app_views_vacancies_index_html_erb__39112602__621898158'
  app/views/vacancies/index.html.erb:10:in `_app_views_vacancies_index_html_erb__39112602__621898158'
  app/controllers/vacancies_controller.rb:8:in `index'

Rendered /usr/lib/ruby/gems/1.8/gems/actionpack-3.1.0/lib/action_dispatch/middleware/templates/rescues/_trace.erb (1.6ms)
Rendered /usr/lib/ruby/gems/1.8/gems/actionpack-3.1.0/lib/action_dispatch/middleware/templates/rescues/_request_and_response.erb (0.9ms)
Rendered /usr/lib/ruby/gems/1.8/gems/actionpack-3.1.0/lib/action_dispatch/middleware/templates/rescues/template_error.erb within rescues/layout (5.3ms)


Started GET "/vacancies" for 127.0.0.1 at Tue Mar 20 14:58:01 +0400 2012
  Processing by VacanciesController#index as HTML
  [1m[36mVacancy Load (0.4ms)[0m  [1mSELECT "vacancies".* FROM "vacancies" [0m
Rendered layouts/menu/_vacancies.html.erb (0.1ms)
Rendered vacancies/index.html.erb within layouts/application (33.2ms)
Completed 200 OK in 53ms (Views: 46.8ms | ActiveRecord: 3.6ms)


Started GET "/assets/main.css?body=1" for 127.0.0.1 at Tue Mar 20 14:58:01 +0400 2012


Started GET "/assets/jquery.js?body=1" for 127.0.0.1 at Tue Mar 20 14:58:01 +0400 2012


Started GET "/assets/main.js?body=1" for 127.0.0.1 at Tue Mar 20 14:58:01 +0400 2012


Started GET "/assets/application.css?body=1" for 127.0.0.1 at Tue Mar 20 14:58:01 +0400 2012
Served asset /application.css - 304 Not Modified (0ms)
Served asset /main.js - 304 Not Modified (2ms)
Served asset /main.css - 304 Not Modified (0ms)
Served asset /jquery.js - 304 Not Modified (3ms)


Started GET "/assets/application.js?body=1" for 127.0.0.1 at Tue Mar 20 14:58:03 +0400 2012
Served asset /application.js - 304 Not Modified (16ms)


Started GET "/assets/jquery_ujs.js?body=1" for 127.0.0.1 at Tue Mar 20 14:58:06 +0400 2012
Served asset /jquery_ujs.js - 304 Not Modified (2ms)


Started GET "/vacancies" for 127.0.0.1 at Tue Mar 20 14:58:41 +0400 2012
  Processing by VacanciesController#index as HTML
  [1m[36mVacancy Load (0.8ms)[0m  [1mSELECT "vacancies".* FROM "vacancies" [0m
Rendered layouts/menu/_vacancies.html.erb (0.4ms)
Rendered vacancies/index.html.erb within layouts/application (27.1ms)
Completed 200 OK in 63ms (Views: 57.8ms | ActiveRecord: 3.3ms)


Started GET "/assets/application.css?body=1" for 127.0.0.1 at Tue Mar 20 14:58:42 +0400 2012
Served asset /application.css - 304 Not Modified (0ms)


Started GET "/assets/main.css?body=1" for 127.0.0.1 at Tue Mar 20 14:58:42 +0400 2012


Started GET "/assets/application.js?body=1" for 127.0.0.1 at Tue Mar 20 14:58:42 +0400 2012


Started GET "/assets/jquery_ujs.js?body=1" for 127.0.0.1 at Tue Mar 20 14:58:42 +0400 2012
Served asset /application.js - 304 Not Modified (0ms)
Served asset /jquery_ujs.js - 304 Not Modified (3ms)


Started GET "/assets/main.js?body=1" for 127.0.0.1 at Tue Mar 20 14:58:42 +0400 2012
Served asset /main.js - 304 Not Modified (0ms)
Served asset /main.css - 304 Not Modified (14ms)


Started GET "/assets/jquery.js?body=1" for 127.0.0.1 at Tue Mar 20 14:58:42 +0400 2012
Served asset /jquery.js - 304 Not Modified (3ms)


Started GET "/vacancies" for 127.0.0.1 at Tue Mar 20 14:59:10 +0400 2012
  Processing by VacanciesController#index as HTML
  [1m[36mVacancy Load (0.9ms)[0m  [1mSELECT "vacancies".* FROM "vacancies" [0m
Rendered layouts/menu/_vacancies.html.erb (0.3ms)
Rendered vacancies/index.html.erb within layouts/application (21.9ms)
Completed 200 OK in 51ms (Views: 45.0ms | ActiveRecord: 3.2ms)


Started GET "/assets/application.css?body=1" for 127.0.0.1 at Tue Mar 20 14:59:10 +0400 2012
Served asset /application.css - 304 Not Modified (0ms)


Started GET "/assets/main.css?body=1" for 127.0.0.1 at Tue Mar 20 14:59:10 +0400 2012


Started GET "/assets/main.js?body=1" for 127.0.0.1 at Tue Mar 20 14:59:10 +0400 2012
Served asset /main.css - 304 Not Modified (2ms)


Started GET "/assets/jquery_ujs.js?body=1" for 127.0.0.1 at Tue Mar 20 14:59:10 +0400 2012
Served asset /main.js - 304 Not Modified (4ms)


Started GET "/assets/application.js?body=1" for 127.0.0.1 at Tue Mar 20 14:59:10 +0400 2012


Started GET "/assets/jquery.js?body=1" for 127.0.0.1 at Tue Mar 20 14:59:10 +0400 2012
Served asset /application.js - 304 Not Modified (7ms)
Served asset /jquery_ujs.js - 304 Not Modified (16ms)
Served asset /jquery.js - 304 Not Modified (10ms)


Started GET "/vacancies" for 127.0.0.1 at Tue Mar 20 14:59:45 +0400 2012
  Processing by VacanciesController#index as HTML
  [1m[35mVacancy Load (0.6ms)[0m  SELECT "vacancies".* FROM "vacancies" 
Rendered layouts/menu/_vacancies.html.erb (0.1ms)
Rendered vacancies/index.html.erb within layouts/application (8.7ms)
Completed 200 OK in 29ms (Views: 21.0ms | ActiveRecord: 5.6ms)


Started GET "/assets/application.css?body=1" for 127.0.0.1 at Tue Mar 20 14:59:45 +0400 2012


Started GET "/assets/jquery_ujs.js?body=1" for 127.0.0.1 at Tue Mar 20 14:59:45 +0400 2012
Served asset /jquery_ujs.js - 200 OK (0ms)


Started GET "/assets/application.js?body=1" for 127.0.0.1 at Tue Mar 20 14:59:45 +0400 2012


Started GET "/assets/main.js?body=1" for 127.0.0.1 at Tue Mar 20 14:59:45 +0400 2012
Served asset /application.js - 200 OK (1ms)
Served asset /main.js - 200 OK (0ms)
Served asset /application.css - 200 OK (11ms)


Started GET "/assets/main.css?body=1" for 127.0.0.1 at Tue Mar 20 14:59:45 +0400 2012
Served asset /main.css - 200 OK (0ms)


Started GET "/assets/jquery.js?body=1" for 127.0.0.1 at Tue Mar 20 14:59:45 +0400 2012
Served asset /jquery.js - 200 OK (3ms)


Started GET "/vacancies" for 127.0.0.1 at Tue Mar 20 15:01:52 +0400 2012
  Processing by VacanciesController#index as HTML
  [1m[36mVacancy Load (1.0ms)[0m  [1mSELECT "vacancies".* FROM "vacancies" [0m
Rendered layouts/menu/_vacancies.html.erb (0.3ms)
Rendered vacancies/index.html.erb within layouts/application (24.2ms)
Completed 200 OK in 54ms (Views: 47.4ms | ActiveRecord: 3.2ms)


Started GET "/assets/application.css?body=1" for 127.0.0.1 at Tue Mar 20 15:01:52 +0400 2012
Served asset /application.css - 200 OK (0ms)


Started GET "/assets/main.css?body=1" for 127.0.0.1 at Tue Mar 20 15:01:52 +0400 2012
Served asset /main.css - 200 OK (0ms)


Started GET "/assets/jquery.js?body=1" for 127.0.0.1 at Tue Mar 20 15:01:52 +0400 2012
Served asset /jquery.js - 200 OK (1ms)


Started GET "/assets/application.js?body=1" for 127.0.0.1 at Tue Mar 20 15:01:52 +0400 2012


Started GET "/assets/main.js?body=1" for 127.0.0.1 at Tue Mar 20 15:01:52 +0400 2012
Served asset /main.js - 200 OK (0ms)
Served asset /application.js - 200 OK (0ms)


Started GET "/assets/jquery_ujs.js?body=1" for 127.0.0.1 at Tue Mar 20 15:01:52 +0400 2012
Served asset /jquery_ujs.js - 200 OK (0ms)


Started GET "/vacancies" for 127.0.0.1 at Tue Mar 20 15:02:14 +0400 2012
  Processing by VacanciesController#index as HTML
  [1m[36mVacancy Load (1.3ms)[0m  [1mSELECT "vacancies".* FROM "vacancies" [0m
Rendered layouts/menu/_vacancies.html.erb (0.1ms)
Rendered vacancies/index.html.erb within layouts/application (8.1ms)
Completed 200 OK in 28ms (Views: 18.5ms | ActiveRecord: 6.1ms)


Started GET "/assets/jquery.js?body=1" for 127.0.0.1 at Tue Mar 20 15:02:14 +0400 2012


Started GET "/assets/application.js?body=1" for 127.0.0.1 at Tue Mar 20 15:02:14 +0400 2012


Started GET "/assets/application.css?body=1" for 127.0.0.1 at Tue Mar 20 15:02:14 +0400 2012
Served asset /jquery.js - 304 Not Modified (0ms)
Served asset /application.css - 304 Not Modified (0ms)
Served asset /application.js - 304 Not Modified (0ms)


Started GET "/assets/main.js?body=1" for 127.0.0.1 at Tue Mar 20 15:02:14 +0400 2012


Started GET "/assets/main.css?body=1" for 127.0.0.1 at Tue Mar 20 15:02:14 +0400 2012
Served asset /main.css - 304 Not Modified (0ms)


Started GET "/assets/jquery_ujs.js?body=1" for 127.0.0.1 at Tue Mar 20 15:02:14 +0400 2012
Served asset /jquery_ujs.js - 304 Not Modified (0ms)
Served asset /main.js - 304 Not Modified (9ms)


Started GET "/vacancies" for 127.0.0.1 at Tue Mar 20 15:02:14 +0400 2012
  Processing by VacanciesController#index as HTML
  [1m[36mVacancy Load (0.8ms)[0m  [1mSELECT "vacancies".* FROM "vacancies" [0m
Rendered layouts/menu/_vacancies.html.erb (0.3ms)
Rendered vacancies/index.html.erb within layouts/application (22.0ms)
Completed 200 OK in 39ms (Views: 33.5ms | ActiveRecord: 3.3ms)


Started GET "/assets/application.css?body=1" for 127.0.0.1 at Tue Mar 20 15:02:14 +0400 2012
Served asset /application.css - 304 Not Modified (0ms)


Started GET "/assets/main.css?body=1" for 127.0.0.1 at Tue Mar 20 15:02:14 +0400 2012
Served asset /main.css - 304 Not Modified (0ms)


Started GET "/assets/main.js?body=1" for 127.0.0.1 at Tue Mar 20 15:02:14 +0400 2012


Started GET "/assets/application.js?body=1" for 127.0.0.1 at Tue Mar 20 15:02:14 +0400 2012
Served asset /application.js - 304 Not Modified (0ms)
Served asset /main.js - 304 Not Modified (0ms)


Started GET "/assets/jquery.js?body=1" for 127.0.0.1 at Tue Mar 20 15:02:14 +0400 2012
Served asset /jquery.js - 304 Not Modified (0ms)


Started GET "/assets/jquery_ujs.js?body=1" for 127.0.0.1 at Tue Mar 20 15:02:14 +0400 2012
Served asset /jquery_ujs.js - 304 Not Modified (0ms)


Started GET "/vacancies" for 127.0.0.1 at Tue Mar 20 15:02:15 +0400 2012
  Processing by VacanciesController#index as HTML
  [1m[35mVacancy Load (0.6ms)[0m  SELECT "vacancies".* FROM "vacancies" 
Rendered layouts/menu/_vacancies.html.erb (0.1ms)
Rendered vacancies/index.html.erb within layouts/application (7.5ms)
Completed 200 OK in 24ms (Views: 18.1ms | ActiveRecord: 4.0ms)


Started GET "/assets/jquery.js?body=1" for 127.0.0.1 at Tue Mar 20 15:02:15 +0400 2012
Served asset /jquery.js - 304 Not Modified (0ms)


Started GET "/assets/application.js?body=1" for 127.0.0.1 at Tue Mar 20 15:02:15 +0400 2012
Served asset /application.js - 304 Not Modified (0ms)


Started GET "/assets/jquery_ujs.js?body=1" for 127.0.0.1 at Tue Mar 20 15:02:15 +0400 2012


Started GET "/assets/main.js?body=1" for 127.0.0.1 at Tue Mar 20 15:02:15 +0400 2012
Served asset /main.js - 304 Not Modified (0ms)
Served asset /jquery_ujs.js - 304 Not Modified (0ms)


Started GET "/assets/application.css?body=1" for 127.0.0.1 at Tue Mar 20 15:02:15 +0400 2012
Served asset /application.css - 304 Not Modified (0ms)


Started GET "/assets/main.css?body=1" for 127.0.0.1 at Tue Mar 20 15:02:15 +0400 2012
Served asset /main.css - 304 Not Modified (2ms)


Started GET "/vacancies" for 127.0.0.1 at Tue Mar 20 15:05:14 +0400 2012
  Processing by VacanciesController#index as HTML
  [1m[36mVacancy Load (0.5ms)[0m  [1mSELECT "vacancies".* FROM "vacancies" [0m
Rendered layouts/menu/_vacancies.html.erb (0.1ms)
Rendered vacancies/index.html.erb within layouts/application (13.7ms)
Completed 200 OK in 29ms (Views: 23.6ms | ActiveRecord: 3.5ms)


Started GET "/assets/application.css?body=1" for 127.0.0.1 at Tue Mar 20 15:05:14 +0400 2012
Served asset /application.css - 304 Not Modified (0ms)


Started GET "/assets/jquery_ujs.js?body=1" for 127.0.0.1 at Tue Mar 20 15:05:14 +0400 2012
Served asset /jquery_ujs.js - 304 Not Modified (0ms)


Started GET "/assets/jquery.js?body=1" for 127.0.0.1 at Tue Mar 20 15:05:14 +0400 2012
Served asset /jquery.js - 304 Not Modified (0ms)


Started GET "/assets/main.css?body=1" for 127.0.0.1 at Tue Mar 20 15:05:14 +0400 2012
Served asset /main.css - 304 Not Modified (0ms)


Started GET "/assets/application.js?body=1" for 127.0.0.1 at Tue Mar 20 15:05:14 +0400 2012
Served asset /application.js - 304 Not Modified (0ms)


Started GET "/assets/main.js?body=1" for 127.0.0.1 at Tue Mar 20 15:05:14 +0400 2012
Served asset /main.js - 304 Not Modified (2ms)


Started GET "/vacancies" for 127.0.0.1 at Tue Mar 20 15:06:32 +0400 2012
  Processing by VacanciesController#index as HTML
  [1m[35mVacancy Load (0.5ms)[0m  SELECT "vacancies".* FROM "vacancies" 
Rendered layouts/menu/_vacancies.html.erb (0.1ms)
Rendered vacancies/index.html.erb within layouts/application (10.1ms)
Completed 200 OK in 27ms (Views: 21.0ms | ActiveRecord: 3.7ms)


Started GET "/assets/application.css?body=1" for 127.0.0.1 at Tue Mar 20 15:06:32 +0400 2012
Served asset /application.css - 304 Not Modified (0ms)


Started GET "/assets/main.css?body=1" for 127.0.0.1 at Tue Mar 20 15:06:32 +0400 2012
Served asset /main.css - 304 Not Modified (0ms)


Started GET "/assets/jquery_ujs.js?body=1" for 127.0.0.1 at Tue Mar 20 15:06:32 +0400 2012
Served asset /jquery_ujs.js - 304 Not Modified (0ms)


Started GET "/assets/main.js?body=1" for 127.0.0.1 at Tue Mar 20 15:06:32 +0400 2012


Started GET "/assets/jquery.js?body=1" for 127.0.0.1 at Tue Mar 20 15:06:32 +0400 2012
Served asset /main.js - 304 Not Modified (0ms)
Served asset /jquery.js - 304 Not Modified (0ms)


Started GET "/assets/application.js?body=1" for 127.0.0.1 at Tue Mar 20 15:06:34 +0400 2012
Served asset /application.js - 304 Not Modified (8ms)


Started GET "/vacancies/edit/298486374" for 127.0.0.1 at Tue Mar 20 15:06:38 +0400 2012
  Processing by VacanciesController#edit as HTML
  Parameters: {"id"=>"298486374"}
  [1m[36mVacancy Load (1.6ms)[0m  [1mSELECT "vacancies".* FROM "vacancies" WHERE "vacancies"."id" = $1 LIMIT 1[0m  [["id", "298486374"]]
Completed 500 Internal Server Error in 37ms

ActionView::MissingTemplate (Missing template vacancies/edit, application/edit with {:locale=>[:en, :en], :handlers=>[:erb, :builder, :coffee], :formats=>[:html]}. Searched in:
  * "/home/alex/web/rubyjob/app/views"
):
  app/controllers/vacancies_controller.rb:18:in `edit'

Rendered /usr/lib/ruby/gems/1.8/gems/actionpack-3.1.0/lib/action_dispatch/middleware/templates/rescues/missing_template.erb within rescues/layout (2.8ms)


Started GET "/vacancies" for 127.0.0.1 at Tue Mar 20 15:09:38 +0400 2012
  Processing by VacanciesController#index as HTML
  [1m[35mVacancy Load (0.9ms)[0m  SELECT "vacancies".* FROM "vacancies" 
Rendered layouts/menu/_vacancies.html.erb (0.3ms)
Rendered vacancies/index.html.erb within layouts/application (23.2ms)
Completed 200 OK in 46ms (Views: 38.6ms | ActiveRecord: 4.4ms)


Started GET "/assets/application.css?body=1" for 127.0.0.1 at Tue Mar 20 15:09:38 +0400 2012
Served asset /application.css - 304 Not Modified (0ms)


Started GET "/assets/jquery.js?body=1" for 127.0.0.1 at Tue Mar 20 15:09:38 +0400 2012


Started GET "/assets/main.css?body=1" for 127.0.0.1 at Tue Mar 20 15:09:38 +0400 2012
Served asset /main.css - 304 Not Modified (0ms)


Started GET "/assets/jquery_ujs.js?body=1" for 127.0.0.1 at Tue Mar 20 15:09:38 +0400 2012


Started GET "/assets/application.js?body=1" for 127.0.0.1 at Tue Mar 20 15:09:38 +0400 2012
Served asset /jquery_ujs.js - 304 Not Modified (0ms)
Served asset /application.js - 304 Not Modified (0ms)


Started GET "/assets/main.js?body=1" for 127.0.0.1 at Tue Mar 20 15:09:38 +0400 2012
Served asset /jquery.js - 304 Not Modified (13ms)
Served asset /main.js - 304 Not Modified (0ms)


Started GET "/vacancies" for 127.0.0.1 at Tue Mar 20 15:10:01 +0400 2012
  Processing by VacanciesController#index as HTML
  [1m[36mVacancy Load (1.1ms)[0m  [1mSELECT "vacancies".* FROM "vacancies" [0m
Rendered layouts/menu/_vacancies.html.erb (0.1ms)
Rendered vacancies/index.html.erb within layouts/application (15.5ms)
Completed 200 OK in 38ms (Views: 29.5ms | ActiveRecord: 5.1ms)


Started GET "/assets/application.css?body=1" for 127.0.0.1 at Tue Mar 20 15:10:01 +0400 2012
Served asset /application.css - 304 Not Modified (0ms)


Started GET "/assets/main.css?body=1" for 127.0.0.1 at Tue Mar 20 15:10:01 +0400 2012


Started GET "/assets/jquery.js?body=1" for 127.0.0.1 at Tue Mar 20 15:10:01 +0400 2012
Served asset /jquery.js - 304 Not Modified (0ms)
Served asset /main.css - 304 Not Modified (2ms)


Started GET "/assets/jquery_ujs.js?body=1" for 127.0.0.1 at Tue Mar 20 15:10:01 +0400 2012


Started GET "/assets/main.js?body=1" for 127.0.0.1 at Tue Mar 20 15:10:01 +0400 2012
Served asset /main.js - 304 Not Modified (0ms)


Started GET "/assets/application.js?body=1" for 127.0.0.1 at Tue Mar 20 15:10:01 +0400 2012
Served asset /application.js - 304 Not Modified (0ms)
Served asset /jquery_ujs.js - 304 Not Modified (8ms)


Started GET "/vacancies" for 127.0.0.1 at Tue Mar 20 15:22:49 +0400 2012
  Processing by VacanciesController#index as HTML
  [1m[36mVacancy Load (1.1ms)[0m  [1mSELECT "vacancies".* FROM "vacancies" [0m
Rendered layouts/menu/_vacancies.html.erb (0.4ms)
Rendered vacancies/index.html.erb within layouts/application (26.4ms)
Completed 200 OK in 67ms (Views: 60.9ms | ActiveRecord: 3.4ms)


Started GET "/assets/application.css?body=1" for 127.0.0.1 at Tue Mar 20 15:22:50 +0400 2012
Served asset /application.css - 304 Not Modified (0ms)


Started GET "/assets/main.css?body=1" for 127.0.0.1 at Tue Mar 20 15:22:50 +0400 2012
Served asset /main.css - 304 Not Modified (4ms)


Started GET "/assets/jquery.js?body=1" for 127.0.0.1 at Tue Mar 20 15:22:52 +0400 2012
Served asset /jquery.js - 304 Not Modified (4ms)


Started GET "/assets/main.js?body=1" for 127.0.0.1 at Tue Mar 20 15:22:54 +0400 2012
Served asset /main.js - 304 Not Modified (3ms)


Started GET "/assets/application.js?body=1" for 127.0.0.1 at Tue Mar 20 15:22:57 +0400 2012
Served asset /application.js - 304 Not Modified (7ms)


Started GET "/assets/jquery_ujs.js?body=1" for 127.0.0.1 at Tue Mar 20 15:22:59 +0400 2012
Served asset /jquery_ujs.js - 304 Not Modified (2ms)


Started GET "/workers" for 127.0.0.1 at Tue Mar 20 15:25:30 +0400 2012
PG::Error: ERROR:  relation "skills_workers" does not exist
:           SELECT DISTINCT(attr.attname)
          FROM pg_attribute attr
          INNER JOIN pg_depend dep ON attr.attrelid = dep.refobjid AND attr.attnum = dep.refobjsubid
          INNER JOIN pg_constraint cons ON attr.attrelid = cons.conrelid AND attr.attnum = cons.conkey[1]
          WHERE cons.contype = 'p'
            AND dep.refobjid = $1::regclass
  Processing by WorkersController#index as HTML
Rendered layouts/menu/_vacancies.html.erb (0.3ms)
Rendered workers/index.html.erb within layouts/application (22.9ms)
Completed 500 Internal Server Error in 41ms

ActionView::Template::Error (You have a nil object when you didn't expect it!
You might have expected an instance of Array.
The error occurred while evaluating nil.size):
    18:   			<th><%=t(:label_salary)%></th>
    19:   			<th><%=t(:label_contacts)%></th>
    20:   		</tr>		
    21: 	  	<% if @worker.size>0 %>
    22: 		    <% @worker.each do |worker|%>
    23: 		  		<tr>
    24: 		  			<td><%=link_to worker.name, {:controller=>'workers', :action=>'edit', :id=>worker.id}%></td>	
  app/views/workers/index.html.erb:21:in `_app_views_workers_index_html_erb___729459145__621690508'
  app/views/workers/index.html.erb:11:in `_app_views_workers_index_html_erb___729459145__621690508'

Rendered /usr/lib/ruby/gems/1.8/gems/actionpack-3.1.0/lib/action_dispatch/middleware/templates/rescues/_trace.erb (1.9ms)
Rendered /usr/lib/ruby/gems/1.8/gems/actionpack-3.1.0/lib/action_dispatch/middleware/templates/rescues/_request_and_response.erb (1.1ms)
Rendered /usr/lib/ruby/gems/1.8/gems/actionpack-3.1.0/lib/action_dispatch/middleware/templates/rescues/template_error.erb within rescues/layout (5.9ms)


Started GET "/workers" for 127.0.0.1 at Tue Mar 20 15:26:18 +0400 2012
PG::Error: ERROR:  relation "skills_workers" does not exist
:           SELECT DISTINCT(attr.attname)
          FROM pg_attribute attr
          INNER JOIN pg_depend dep ON attr.attrelid = dep.refobjid AND attr.attnum = dep.refobjsubid
          INNER JOIN pg_constraint cons ON attr.attrelid = cons.conrelid AND attr.attnum = cons.conkey[1]
          WHERE cons.contype = 'p'
            AND dep.refobjid = $1::regclass
  Processing by WorkersController#index as HTML
  [1m[36mWorker Load (0.7ms)[0m  [1mSELECT "workers".* FROM "workers" [0m
Rendered layouts/menu/_vacancies.html.erb (0.1ms)
Rendered workers/index.html.erb within layouts/application (11.4ms)
Completed 500 Internal Server Error in 25ms

ActionView::Template::Error (undefined method `lifetime' for #<Worker:0xb5cc64b4>):
    22: 		    <% @worker.each do |worker|%>
    23: 		  		<tr>
    24: 		  			<td><%=link_to worker.name, {:controller=>'workers', :action=>'edit', :id=>worker.id}%></td>	
    25: 		  			<td><%=worker.lifetime%></td>
    26: 		  			<td><%=worker.salary%></td>
    27: 		  			<td><%=worker.contacts%></td>		  					  					  			
    28: 		  		</tr>		    
  app/views/workers/index.html.erb:25:in `_app_views_workers_index_html_erb___729459145__621690508'
  app/views/workers/index.html.erb:22:in `each'
  app/views/workers/index.html.erb:22:in `_app_views_workers_index_html_erb___729459145__621690508'
  app/views/workers/index.html.erb:11:in `_app_views_workers_index_html_erb___729459145__621690508'
  app/controllers/workers_controller.rb:8:in `index'

Rendered /usr/lib/ruby/gems/1.8/gems/actionpack-3.1.0/lib/action_dispatch/middleware/templates/rescues/_trace.erb (1.7ms)
Rendered /usr/lib/ruby/gems/1.8/gems/actionpack-3.1.0/lib/action_dispatch/middleware/templates/rescues/_request_and_response.erb (1.0ms)
Rendered /usr/lib/ruby/gems/1.8/gems/actionpack-3.1.0/lib/action_dispatch/middleware/templates/rescues/template_error.erb within rescues/layout (5.6ms)


Started GET "/workers" for 127.0.0.1 at Tue Mar 20 15:27:16 +0400 2012
PG::Error: ERROR:  relation "skills_workers" does not exist
:           SELECT DISTINCT(attr.attname)
          FROM pg_attribute attr
          INNER JOIN pg_depend dep ON attr.attrelid = dep.refobjid AND attr.attnum = dep.refobjsubid
          INNER JOIN pg_constraint cons ON attr.attrelid = cons.conrelid AND attr.attnum = cons.conkey[1]
          WHERE cons.contype = 'p'
            AND dep.refobjid = $1::regclass
  Processing by WorkersController#index as HTML
  [1m[35mWorker Load (0.7ms)[0m  SELECT "workers".* FROM "workers" 
Rendered layouts/menu/_vacancies.html.erb (0.1ms)
Rendered workers/index.html.erb within layouts/application (12.8ms)
Completed 500 Internal Server Error in 27ms

ActionView::Template::Error (undefined method `status' for #<Worker:0xb5b68a54>):
    24: 		  			<td><%=link_to worker.name, {:controller=>'workers', :action=>'edit', :id=>worker.id}%></td>	
    25: 		  			<td><%=worker.salary%></td>
    26: 		  			<td><%=worker.contacts%></td>	
    27: 		  			<td><%=worker.status%></td>	  					  					  			
    28: 		  		</tr>		    
    29: 		    <% end %>
    30: 		<% else %>   
  app/views/workers/index.html.erb:27:in `_app_views_workers_index_html_erb___729459145__623174198'
  app/views/workers/index.html.erb:22:in `each'
  app/views/workers/index.html.erb:22:in `_app_views_workers_index_html_erb___729459145__623174198'
  app/views/workers/index.html.erb:11:in `_app_views_workers_index_html_erb___729459145__623174198'
  app/controllers/workers_controller.rb:8:in `index'

Rendered /usr/lib/ruby/gems/1.8/gems/actionpack-3.1.0/lib/action_dispatch/middleware/templates/rescues/_trace.erb (56.1ms)
Rendered /usr/lib/ruby/gems/1.8/gems/actionpack-3.1.0/lib/action_dispatch/middleware/templates/rescues/_request_and_response.erb (1.1ms)
Rendered /usr/lib/ruby/gems/1.8/gems/actionpack-3.1.0/lib/action_dispatch/middleware/templates/rescues/template_error.erb within rescues/layout (60.8ms)


Started GET "/workers" for 127.0.0.1 at Tue Mar 20 15:27:31 +0400 2012
PG::Error: ERROR:  relation "skills_workers" does not exist
:           SELECT DISTINCT(attr.attname)
          FROM pg_attribute attr
          INNER JOIN pg_depend dep ON attr.attrelid = dep.refobjid AND attr.attnum = dep.refobjsubid
          INNER JOIN pg_constraint cons ON attr.attrelid = cons.conrelid AND attr.attnum = cons.conkey[1]
          WHERE cons.contype = 'p'
            AND dep.refobjid = $1::regclass
  Processing by WorkersController#index as HTML
  [1m[36mWorker Load (0.4ms)[0m  [1mSELECT "workers".* FROM "workers" [0m
Rendered layouts/menu/_vacancies.html.erb (0.1ms)
Rendered workers/index.html.erb within layouts/application (10.3ms)
Completed 200 OK in 37ms (Views: 31.0ms | ActiveRecord: 3.5ms)


Started GET "/assets/application.css?body=1" for 127.0.0.1 at Tue Mar 20 15:27:31 +0400 2012
Served asset /application.css - 304 Not Modified (0ms)


Started GET "/assets/main.css?body=1" for 127.0.0.1 at Tue Mar 20 15:27:31 +0400 2012


Started GET "/assets/main.js?body=1" for 127.0.0.1 at Tue Mar 20 15:27:31 +0400 2012


Started GET "/assets/jquery.js?body=1" for 127.0.0.1 at Tue Mar 20 15:27:31 +0400 2012


Started GET "/assets/jquery_ujs.js?body=1" for 127.0.0.1 at Tue Mar 20 15:27:31 +0400 2012
Served asset /jquery_ujs.js - 304 Not Modified (10ms)
Served asset /main.js - 304 Not Modified (32ms)
Served asset /main.css - 304 Not Modified (40ms)
Served asset /jquery.js - 304 Not Modified (30ms)


Started GET "/assets/application.js?body=1" for 127.0.0.1 at Tue Mar 20 15:27:33 +0400 2012
Served asset /application.js - 304 Not Modified (6ms)
